<?xml version="1.0" encoding="UTF-8"?>
<!-- Generated by org.testng.reporters.JUnitXMLReporter -->
<testsuite ignored="0" hostname="DANGs-MacBook-Pro.local" failures="0" tests="2" name="Run on Edge" time="9.355" errors="0" timestamp="15 May 2023 04:00:06 GMT">
  <testcase classname="showslinger_user.User_04_Forgot_Password" name="@BeforeClass beforeClass" time="9.335">
    <failure type="org.openqa.selenium.SessionNotCreatedException" message="session not created: This version of Microsoft Edge WebDriver only supports Microsoft Edge version 110
Current browser version is 113.0.1774.35 with binary path /Applications/Microsoft Edge.app/Contents/MacOS/Microsoft Edge
Build info: version: &amp;apos;3.141.59&amp;apos;, revision: &amp;apos;e82be7d358&amp;apos;, time: &amp;apos;2018-11-14T08:25:53&amp;apos;
System info: host: &amp;apos;DANGs-MacBook-Pro.local&amp;apos;, ip: &amp;apos;fe80:0:0:0:4ea:35e2:1f8b:845d%en0&amp;apos;, os.name: &amp;apos;Mac OS X&amp;apos;, os.arch: &amp;apos;x86_64&amp;apos;, os.version: &amp;apos;12.5.1&amp;apos;, java.version: &amp;apos;17.0.6&amp;apos;
Driver info: driver.version: EdgeDriver
remote stacktrace: 0   msedgedriver                        0x00000001062dace8 msedgedriver + 5090536
1   msedgedriver                        0x0000000106248123 msedgedriver + 4489507
2   msedgedriver                        0x0000000105e74147 msedgedriver + 475463
3   msedgedriver                        0x0000000105ea8379 msedgedriver + 689017
4   msedgedriver                        0x0000000105ea3400 msedgedriver + 668672
5   msedgedriver                        0x0000000105e9ea06 msedgedriver + 649734
6   msedgedriver                        0x0000000105eedfc6 msedgedriver + 974790
7   msedgedriver                        0x0000000105ee3fe3 msedgedriver + 933859
8   msedgedriver                        0x0000000105eab138 msedgedriver + 700728
9   msedgedriver                        0x0000000105eac7b4 msedgedriver + 706484
10  msedgedriver                        0x00000001062a232e msedgedriver + 4858670
11  msedgedriver                        0x00000001062a6daf msedgedriver + 4877743
12  msedgedriver                        0x00000001062a7678 msedgedriver + 4879992
13  msedgedriver                        0x00000001062b06df msedgedriver + 4916959
14  msedgedriver                        0x00000001062a7eb2 msedgedriver + 4882098
15  msedgedriver                        0x000000010627aaa4 msedgedriver + 4696740
16  msedgedriver                        0x00000001062cd868 msedgedriver + 5036136
17  msedgedriver                        0x00000001062cd987 msedgedriver + 5036423
18  msedgedriver                        0x00000001062e343e msedgedriver + 5125182
19  libsystem_pthread.dylib             0x00007ff81730d4e1 _pthread_start + 125
20  libsystem_pthread.dylib             0x00007ff817308f6b thread_start + 15
">
      <![CDATA[org.openqa.selenium.SessionNotCreatedException: session not created: This version of Microsoft Edge WebDriver only supports Microsoft Edge version 110
Current browser version is 113.0.1774.35 with binary path /Applications/Microsoft Edge.app/Contents/MacOS/Microsoft Edge
Build info: version: '3.141.59', revision: 'e82be7d358', time: '2018-11-14T08:25:53'
System info: host: 'DANGs-MacBook-Pro.local', ip: 'fe80:0:0:0:4ea:35e2:1f8b:845d%en0', os.name: 'Mac OS X', os.arch: 'x86_64', os.version: '12.5.1', java.version: '17.0.6'
Driver info: driver.version: EdgeDriver
remote stacktrace: 0   msedgedriver                        0x00000001062dace8 msedgedriver + 5090536
1   msedgedriver                        0x0000000106248123 msedgedriver + 4489507
2   msedgedriver                        0x0000000105e74147 msedgedriver + 475463
3   msedgedriver                        0x0000000105ea8379 msedgedriver + 689017
4   msedgedriver                        0x0000000105ea3400 msedgedriver + 668672
5   msedgedriver                        0x0000000105e9ea06 msedgedriver + 649734
6   msedgedriver                        0x0000000105eedfc6 msedgedriver + 974790
7   msedgedriver                        0x0000000105ee3fe3 msedgedriver + 933859
8   msedgedriver                        0x0000000105eab138 msedgedriver + 700728
9   msedgedriver                        0x0000000105eac7b4 msedgedriver + 706484
10  msedgedriver                        0x00000001062a232e msedgedriver + 4858670
11  msedgedriver                        0x00000001062a6daf msedgedriver + 4877743
12  msedgedriver                        0x00000001062a7678 msedgedriver + 4879992
13  msedgedriver                        0x00000001062b06df msedgedriver + 4916959
14  msedgedriver                        0x00000001062a7eb2 msedgedriver + 4882098
15  msedgedriver                        0x000000010627aaa4 msedgedriver + 4696740
16  msedgedriver                        0x00000001062cd868 msedgedriver + 5036136
17  msedgedriver                        0x00000001062cd987 msedgedriver + 5036423
18  msedgedriver                        0x00000001062e343e msedgedriver + 5125182
19  libsystem_pthread.dylib             0x00007ff81730d4e1 _pthread_start + 125
20  libsystem_pthread.dylib             0x00007ff817308f6b thread_start + 15

at org.openqa.selenium.remote.W3CHandshakeResponse.lambda$errorHandler$0(W3CHandshakeResponse.java:62)
at org.openqa.selenium.remote.HandshakeResponse.lambda$getResponseFunction$0(HandshakeResponse.java:30)
at org.openqa.selenium.remote.ProtocolHandshake.lambda$createSession$0(ProtocolHandshake.java:126)
at java.base/java.util.stream.ReferencePipeline$3$1.accept(ReferencePipeline.java:197)
at java.base/java.util.Spliterators$ArraySpliterator.tryAdvance(Spliterators.java:1002)
at java.base/java.util.stream.ReferencePipeline.forEachWithCancel(ReferencePipeline.java:129)
at java.base/java.util.stream.AbstractPipeline.copyIntoWithCancel(AbstractPipeline.java:527)
at java.base/java.util.stream.AbstractPipeline.copyInto(AbstractPipeline.java:513)
at java.base/java.util.stream.AbstractPipeline.wrapAndCopyInto(AbstractPipeline.java:499)
at java.base/java.util.stream.FindOps$FindOp.evaluateSequential(FindOps.java:150)
at java.base/java.util.stream.AbstractPipeline.evaluate(AbstractPipeline.java:234)
at java.base/java.util.stream.ReferencePipeline.findFirst(ReferencePipeline.java:647)
at org.openqa.selenium.remote.ProtocolHandshake.createSession(ProtocolHandshake.java:128)
at org.openqa.selenium.remote.ProtocolHandshake.createSession(ProtocolHandshake.java:74)
at org.openqa.selenium.remote.HttpCommandExecutor.execute(HttpCommandExecutor.java:136)
at org.openqa.selenium.remote.service.DriverCommandExecutor.execute(DriverCommandExecutor.java:83)
at org.openqa.selenium.remote.RemoteWebDriver.execute(RemoteWebDriver.java:552)
at org.openqa.selenium.remote.RemoteWebDriver.startSession(RemoteWebDriver.java:213)
at org.openqa.selenium.remote.RemoteWebDriver.<init>(RemoteWebDriver.java:131)
at org.openqa.selenium.edge.EdgeDriver.<init>(EdgeDriver.java:141)
at org.openqa.selenium.edge.EdgeDriver.<init>(EdgeDriver.java:96)
at showslinger_user.User_04_Forgot_Password.beforeClass(User_04_Forgot_Password.java:46)
... Removed 31 stack frames]]>
    </failure>
  </testcase> <!-- @BeforeClass beforeClass -->
  <testcase classname="showslinger_user.User_04_Forgot_Password" name="@AfterClass afterClass" time="0.0">
    <skipped/>
  </testcase> <!-- @AfterClass afterClass -->
  <testcase classname="showslinger_user.User_04_Forgot_Password" name="Forgot_00_Alert_Authen" time="0.0">
    <skipped/>
  </testcase> <!-- Forgot_00_Alert_Authen -->
  <testcase classname="showslinger_user.User_04_Forgot_Password" name="Forgot_01_Fotgot_Password_Successfully" time="0.0">
    <skipped/>
  </testcase> <!-- Forgot_01_Fotgot_Password_Successfully -->
</testsuite> <!-- Run on Edge -->
