<?xml version="1.0" encoding="UTF-8"?>
<!-- Generated by org.testng.reporters.JUnitXMLReporter -->
<testsuite ignored="0" hostname="DANGs-MacBook-Pro.local" failures="0" tests="3" name="Run on Firefox" time="21.172" errors="0" timestamp="15 May 2023 02:55:57 GMT">
  <testcase classname="showslinger_admin.User_01_Login_Account_Admin" name="Login_00_Alert_Authen" time="8.238"/>
  <testcase classname="showslinger_admin.User_01_Login_Account_Admin" name="Login_01_Login_Successfully" time="1.75"/>
  <testcase classname="showslinger_admin.User_01_Login_Account_Admin" name="Login_02_Logout_Account" time="8.494"/>
</testsuite> <!-- Run on Firefox -->
